{
  "RSpec": {
    "coverage": {
      "/Users/lisaeriksson/Documents/projects/Timber/app/helpers/application_helper.rb": [
        1,
        null
      ],
      "/Users/lisaeriksson/Documents/projects/Timber/app/models/family_tree.rb": [
        1,
        1,
        null
      ],
      "/Users/lisaeriksson/Documents/projects/Timber/app/models/application_record.rb": [
        1,
        1,
        null
      ],
      "/Users/lisaeriksson/Documents/projects/Timber/app/mailers/application_mailer.rb": [
        0,
        0,
        0,
        0
      ],
      "/Users/lisaeriksson/Documents/projects/Timber/app/jobs/application_job.rb": [
        0,
        0
      ],
      "/Users/lisaeriksson/Documents/projects/Timber/app/controllers/application_controller.rb": [
        0,
        0,
        0
      ],
      "/Users/lisaeriksson/Documents/projects/Timber/app/channels/application_cable/connection.rb": [
        0,
        0,
        0,
        0
      ],
      "/Users/lisaeriksson/Documents/projects/Timber/app/channels/application_cable/channel.rb": [
        0,
        0,
        0,
        0
      ]
    },
    "timestamp": 1517246430
  },
  "Cucumber Features": {
    "coverage": {
      "/Users/lisaeriksson/Documents/projects/Timber/app/models/user.rb": [
        1,
        null,
        null,
        1,
        null,
        null
      ],
      "/Users/lisaeriksson/Documents/projects/Timber/app/models/application_record.rb": [
        1,
        1,
        null
      ],
      "/Users/lisaeriksson/Documents/projects/Timber/app/controllers/index_controller.rb": [
        1,
        1,
        null,
        null
      ],
      "/Users/lisaeriksson/Documents/projects/Timber/app/controllers/application_controller.rb": [
        1,
        1,
        null,
        null
      ],
      "/Users/lisaeriksson/Documents/projects/Timber/app/helpers/application_helper.rb": [
        1,
        null
      ],
      "/Users/lisaeriksson/Documents/projects/Timber/app/mailers/application_mailer.rb": [
        0,
        0,
        0,
        0
      ],
      "/Users/lisaeriksson/Documents/projects/Timber/app/models/family_tree.rb": [
        0,
        0,
        0
      ],
      "/Users/lisaeriksson/Documents/projects/Timber/app/jobs/application_job.rb": [
        0,
        0
      ],
      "/Users/lisaeriksson/Documents/projects/Timber/app/channels/application_cable/connection.rb": [
        0,
        0,
        0,
        0
      ],
      "/Users/lisaeriksson/Documents/projects/Timber/app/channels/application_cable/channel.rb": [
        0,
        0,
        0,
        0
      ]
    },
    "timestamp": 1517413282
  }
}
